<?xml version="1.0" encoding="UTF-8"?>
<!-- Generated by org.testng.reporters.JUnitReportReporter -->
<testsuite hostname="Bankim" failures="0" tests="3" name="java_practice.Priority_Test" time="0.006" errors="0" timestamp="2022-10-21T21:20:53 CDT" skipped="0">
  <testcase classname="java_practice.Priority_Test" name="aeroplaneTest2" time="0.004"/>
  <system-out/>
  <testcase classname="java_practice.Priority_Test" name="driveTest" time="0.001"/>
  <system-out/>
  <testcase classname="java_practice.Priority_Test" name="priorityTest1" time="0.001"/>
  <system-out/>
</testsuite> <!-- java_practice.Priority_Test -->
